<?xml version="1.0" encoding="utf-8"?><testsuites name="pytest tests"><testsuite name="pytest" errors="0" failures="0" skipped="0" tests="38" time="18.648" timestamp="2026-07-16T07:55:45.777680+00:00" hostname="agent-env-2cd83df9-dc71-415e-9852-8b47e095fdac"><testcase classname="backend.tests.test_eba_finance.TestHealth" name="test_root" time="0.428" /><testcase classname="backend.tests.test_eba_finance.TestAuth" name="test_register_duplicate" time="1.205" /><testcase classname="backend.tests.test_eba_finance.TestAuth" name="test_login_success" time="0.543" /><testcase classname="backend.tests.test_eba_finance.TestAuth" name="test_login_wrong_password" time="0.615" /><testcase classname="backend.tests.test_eba_finance.TestAuth" name="test_me_requires_token" time="0.199" /><testcase classname="backend.tests.test_eba_finance.TestAuth" name="test_me_with_token" time="0.231" /><testcase classname="backend.tests.test_eba_finance.TestIncome" name="test_create_list_update_delete" time="0.749" /><testcase classname="backend.tests.test_eba_finance.TestIncome" name="test_user_scoping" time="1.073" /><testcase classname="backend.tests.test_eba_finance.TestExpenses" name="test_crud_and_paid_by" time="0.682" /><testcase classname="backend.tests.test_eba_finance.TestExpenses" name="test_invalid_category_rejected" time="0.175" /><testcase classname="backend.tests.test_eba_finance.TestStartup" name="test_crud" time="0.467" /><testcase classname="backend.tests.test_eba_finance.TestInvestments" name="test_crud" time="0.470" /><testcase classname="backend.tests.test_eba_finance.TestSummaryReports" name="test_summary_totals" time="1.518" /><testcase classname="backend.tests.test_eba_finance.TestSummaryReports" name="test_monthly_report" time="0.160" /><testcase classname="backend.tests.test_eba_finance.TestSummaryReports" name="test_category_report" time="1.438" /><testcase classname="backend.tests.test_eba_finance.TestExport" name="test_csv_export[all]" time="0.170" /><testcase classname="backend.tests.test_eba_finance.TestExport" name="test_csv_export[income]" time="0.208" /><testcase classname="backend.tests.test_eba_finance.TestExport" name="test_csv_export[expenses]" time="0.160" /><testcase classname="backend.tests.test_eba_finance.TestExport" name="test_csv_export[startup]" time="0.169" /><testcase classname="backend.tests.test_eba_finance.TestExport" name="test_csv_export[investments]" time="0.165" /><testcase classname="backend.tests.test_new_features.TestIncomeSearchFilter" name="test_search_by_client" time="1.272" /><testcase classname="backend.tests.test_new_features.TestIncomeSearchFilter" name="test_search_by_invoice" time="0.156" /><testcase classname="backend.tests.test_new_features.TestIncomeSearchFilter" name="test_search_case_insensitive" time="0.168" /><testcase classname="backend.tests.test_new_features.TestIncomeSearchFilter" name="test_filter_status_paid" time="0.155" /><testcase classname="backend.tests.test_new_features.TestIncomeSearchFilter" name="test_filter_status_pending" time="0.134" /><testcase classname="backend.tests.test_new_features.TestIncomeSearchFilter" name="test_filter_currency_eur" time="0.147" /><testcase classname="backend.tests.test_new_features.TestIncomeSearchFilter" name="test_filter_date_range" time="0.154" /><testcase classname="backend.tests.test_new_features.TestExpenseSearchFilter" name="test_search_vendor" time="0.679" /><testcase classname="backend.tests.test_new_features.TestExpenseSearchFilter" name="test_search_description" time="0.168" /><testcase classname="backend.tests.test_new_features.TestExpenseSearchFilter" name="test_filter_currency" time="0.169" /><testcase classname="backend.tests.test_new_features.TestExpenseSearchFilter" name="test_filter_category" time="0.156" /><testcase classname="backend.tests.test_new_features.TestExpenseSearchFilter" name="test_filter_date_range" time="0.158" /><testcase classname="backend.tests.test_new_features.TestUpdateEndpoints" name="test_update_income" time="0.672" /><testcase classname="backend.tests.test_new_features.TestUpdateEndpoints" name="test_update_expense" time="0.590" /><testcase classname="backend.tests.test_new_features.TestUpdateEndpoints" name="test_update_startup" time="0.548" /><testcase classname="backend.tests.test_new_features.TestUpdateEndpoints" name="test_update_nonexistent_returns_404" time="0.208" /><testcase classname="backend.tests.test_new_features.TestPDFExport" name="test_pdf_export_content_type_and_disposition" time="0.248" /><testcase classname="backend.tests.test_new_features.TestPDFExport" name="test_pdf_requires_auth" time="1.251" /></testsuite></testsuites>