<?xml version="1.0" encoding="utf-8"?><testsuites name="pytest tests"><testsuite name="pytest" errors="0" failures="0" skipped="0" tests="51" time="100.192" timestamp="2026-07-16T08:15:22.973889+00:00" hostname="agent-env-2cd83df9-dc71-415e-9852-8b47e095fdac"><testcase classname="backend.tests.test_eba_finance.TestHealth" name="test_root" time="0.258" /><testcase classname="backend.tests.test_eba_finance.TestAuth" name="test_register_duplicate" time="0.665" /><testcase classname="backend.tests.test_eba_finance.TestAuth" name="test_login_success" time="0.483" /><testcase classname="backend.tests.test_eba_finance.TestAuth" name="test_login_wrong_password" time="0.521" /><testcase classname="backend.tests.test_eba_finance.TestAuth" name="test_me_requires_token" time="0.140" /><testcase classname="backend.tests.test_eba_finance.TestAuth" name="test_me_with_token" time="0.131" /><testcase classname="backend.tests.test_eba_finance.TestIncome" name="test_create_list_update_delete" time="0.631" /><testcase classname="backend.tests.test_eba_finance.TestIncome" name="test_user_scoping" time="0.973" /><testcase classname="backend.tests.test_eba_finance.TestExpenses" name="test_crud_and_paid_by" time="0.653" /><testcase classname="backend.tests.test_eba_finance.TestExpenses" name="test_invalid_category_rejected" time="0.228" /><testcase classname="backend.tests.test_eba_finance.TestStartup" name="test_crud" time="0.467" /><testcase classname="backend.tests.test_eba_finance.TestInvestments" name="test_crud" time="0.492" /><testcase classname="backend.tests.test_eba_finance.TestSummaryReports" name="test_summary_totals" time="1.087" /><testcase classname="backend.tests.test_eba_finance.TestSummaryReports" name="test_monthly_report" time="0.125" /><testcase classname="backend.tests.test_eba_finance.TestSummaryReports" name="test_category_report" time="1.111" /><testcase classname="backend.tests.test_eba_finance.TestExport" name="test_csv_export[all]" time="0.151" /><testcase classname="backend.tests.test_eba_finance.TestExport" name="test_csv_export[income]" time="0.135" /><testcase classname="backend.tests.test_eba_finance.TestExport" name="test_csv_export[expenses]" time="0.146" /><testcase classname="backend.tests.test_eba_finance.TestExport" name="test_csv_export[startup]" time="0.142" /><testcase classname="backend.tests.test_eba_finance.TestExport" name="test_csv_export[investments]" time="0.131" /><testcase classname="backend.tests.test_new_features.TestIncomeSearchFilter" name="test_search_by_client" time="1.260" /><testcase classname="backend.tests.test_new_features.TestIncomeSearchFilter" name="test_search_by_invoice" time="0.146" /><testcase classname="backend.tests.test_new_features.TestIncomeSearchFilter" name="test_search_case_insensitive" time="0.174" /><testcase classname="backend.tests.test_new_features.TestIncomeSearchFilter" name="test_filter_status_paid" time="0.189" /><testcase classname="backend.tests.test_new_features.TestIncomeSearchFilter" name="test_filter_status_pending" time="0.171" /><testcase classname="backend.tests.test_new_features.TestIncomeSearchFilter" name="test_filter_currency_eur" time="0.161" /><testcase classname="backend.tests.test_new_features.TestIncomeSearchFilter" name="test_filter_date_range" time="0.160" /><testcase classname="backend.tests.test_new_features.TestExpenseSearchFilter" name="test_search_vendor" time="0.593" /><testcase classname="backend.tests.test_new_features.TestExpenseSearchFilter" name="test_search_description" time="0.136" /><testcase classname="backend.tests.test_new_features.TestExpenseSearchFilter" name="test_filter_currency" time="0.135" /><testcase classname="backend.tests.test_new_features.TestExpenseSearchFilter" name="test_filter_category" time="0.133" /><testcase classname="backend.tests.test_new_features.TestExpenseSearchFilter" name="test_filter_date_range" time="0.135" /><testcase classname="backend.tests.test_new_features.TestUpdateEndpoints" name="test_update_income" time="0.581" /><testcase classname="backend.tests.test_new_features.TestUpdateEndpoints" name="test_update_expense" time="0.452" /><testcase classname="backend.tests.test_new_features.TestUpdateEndpoints" name="test_update_startup" time="0.436" /><testcase classname="backend.tests.test_new_features.TestUpdateEndpoints" name="test_update_nonexistent_returns_404" time="0.159" /><testcase classname="backend.tests.test_new_features.TestPDFExport" name="test_pdf_export_content_type_and_disposition" time="0.180" /><testcase classname="backend.tests.test_new_features.TestPDFExport" name="test_pdf_requires_auth" time="1.150" /><testcase classname="backend.tests.test_recurring.TestRecurringCRUD" name="test_create_future_rule_no_autopost" time="1.064" /><testcase classname="backend.tests.test_recurring.TestRecurringCRUD" name="test_list_recurring" time="0.167" /><testcase classname="backend.tests.test_recurring.TestRecurringCRUD" name="test_update_and_delete_rule" time="0.705" /><testcase classname="backend.tests.test_recurring.TestRecurringCRUD" name="test_delete_nonexistent_returns_404" time="0.180" /><testcase classname="backend.tests.test_recurring.TestRecurringCRUD" name="test_requires_auth" time="0.156" /><testcase classname="backend.tests.test_recurring.TestAutoPost" name="test_past_monthly_catchup" time="1.073" /><testcase classname="backend.tests.test_recurring.TestAutoPost" name="test_weekly_income_catchup" time="36.693" /><testcase classname="backend.tests.test_recurring.TestAutoPost" name="test_startup_catchup" time="20.443" /><testcase classname="backend.tests.test_recurring.TestAutoPost" name="test_process_endpoint_returns_posted_count" time="0.605" /><testcase classname="backend.tests.test_recurring.TestLazyAutoPost" name="test_lazy_on_expenses_get" time="20.719" /><testcase classname="backend.tests.test_recurring.TestLazyAutoPost" name="test_lazy_on_summary" time="0.955" /><testcase classname="backend.tests.test_recurring.TestUserScoping" name="test_rules_are_user_scoped" time="1.379" /><testcase classname="backend.tests.test_recurring.TestDeactivation" name="test_deactivate_stops_future_posting" time="0.678" /></testsuite></testsuites>