<?xml version="1.0" encoding="utf-8"?><testsuites name="pytest tests"><testsuite name="pytest" errors="0" failures="0" skipped="0" tests="23" time="151.088" timestamp="2026-07-16T08:55:18.786250+00:00" hostname="agent-env-2cd83df9-dc71-415e-9852-8b47e095fdac"><testcase classname="backend.tests.test_security_fixes.TestRecurringCaps" name="test_max_50_active_rules_per_user" time="15.581" /><testcase classname="backend.tests.test_security_fixes.TestRecurringCaps" name="test_catchup_capped_at_200_records" time="10.581" /><testcase classname="backend.tests.test_security_fixes.TestRegexEscape" name="test_dotstar_treated_as_literal" time="1.088" /><testcase classname="backend.tests.test_security_fixes.TestRegexEscape" name="test_expenses_dotstar_literal" time="0.921" /><testcase classname="backend.tests.test_security_fixes.TestRegexEscape" name="test_long_q_truncated_no_crash" time="0.597" /><testcase classname="backend.tests.test_security_fixes.TestFieldLengthCaps" name="test_income_client_name_over_120_rejected" time="0.151" /><testcase classname="backend.tests.test_security_fixes.TestFieldLengthCaps" name="test_expense_description_over_500_rejected" time="0.163" /><testcase classname="backend.tests.test_security_fixes.TestFieldLengthCaps" name="test_investment_zero_or_negative_amount_rejected" time="0.396" /><testcase classname="backend.tests.test_security_fixes.TestFieldLengthCaps" name="test_income_valid_at_boundary" time="20.938" /><testcase classname="backend.tests.test_security_fixes.TestLoginThrottle" name="test_9th_wrong_password_returns_429" time="24.228" /><testcase classname="backend.tests.test_security_fixes.TestLoginThrottle" name="test_successful_login_clears_counter" time="5.020" /><testcase classname="backend.tests.test_security_fixes.TestRegisterEnumeration" name="test_duplicate_returns_generic_message" time="0.137" /><testcase classname="backend.tests.test_security_fixes.TestCSVKindAllowlist" name="test_path_traversal_kind_rejected" time="0.122" /><testcase classname="backend.tests.test_security_fixes.TestCSVKindAllowlist" name="test_random_kind_rejected" time="0.127" /><testcase classname="backend.tests.test_security_fixes.TestCSVKindAllowlist" name="test_allowed_kinds_still_work[all]" time="0.155" /><testcase classname="backend.tests.test_security_fixes.TestCSVKindAllowlist" name="test_allowed_kinds_still_work[income]" time="0.130" /><testcase classname="backend.tests.test_security_fixes.TestCSVKindAllowlist" name="test_allowed_kinds_still_work[expenses]" time="0.151" /><testcase classname="backend.tests.test_security_fixes.TestCSVKindAllowlist" name="test_allowed_kinds_still_work[startup]" time="0.137" /><testcase classname="backend.tests.test_security_fixes.TestCSVKindAllowlist" name="test_allowed_kinds_still_work[investments]" time="0.155" /><testcase classname="backend.tests.test_security_fixes.TestCSVInjection" name="test_formula_prefix_neutralized" time="0.816" /><testcase classname="backend.tests.test_security_fixes.TestPDFMarkup" name="test_pdf_with_bracketed_name" time="0.686" /><testcase classname="backend.tests.test_security_fixes.TestJWTSecretFailClosed" name="test_server_up_with_jwt_secret" time="68.545" /><testcase classname="backend.tests.test_security_fixes.TestJWTSecretFailClosed" name="test_source_refuses_missing_jwt_secret" time="0.001" /></testsuite></testsuites>